
> application-name@0.0.1 start /root/models/syntaxnet/serverSide
> nodejs ./bin/www

[90mGET / [36m304 [90m454ms[0m
[90mGET /stylesheets/style.css [36m304 [90m11ms[0m
[90mGET / [36m304 [90m69ms[0m
[90mGET /stylesheets/style.css [36m304 [90m2ms[0m
stdout: Input: What are the symptoms of cancer ?
Parse:
What WP ROOT
 +-- are VBP cop
 +-- symptoms NNS nsubj
 |   +-- the DT det
 |   +-- of IN prep
 |       +-- cancer NN pobj
 +-- ? . punct

stderr: I syntaxnet/term_frequency_map.cc:101] Loaded 46 terms from syntaxnet/models/parsey_mcparseface/label-map.
I syntaxnet/embedding_feature_extractor.cc:35] Features: stack.child(1).label stack.child(1).sibling(-1).label stack.child(-1).label stack.child(-1).sibling(1).label stack.child(2).label stack.child(-2).label stack(1).child(1).label stack(1).child(1).sibling(-1).label stack(1).child(-1).label stack(1).child(-1).sibling(1).label stack(1).child(2).label stack(1).child(-2).label; input.token.tag input(1).token.tag input(2).token.tag input(3).token.tag stack.token.tag stack.child(1).token.tag stack.child(1).sibling(-1).token.tag stack.child(-1).token.tag stack.child(-1).sibling(1).token.tag stack.child(2).token.tag stack.child(-2).token.tag stack(1).token.tag stack(1).child(1).token.tag stack(1).child(1).sibling(-1).token.tag stack(1).child(-1).token.tag stack(1).child(-1).sibling(1).token.tag stack(1).child(2).token.tag stack(1).child(-2).token.tag stack(2).token.tag stack(3).token.tag; input.token.word input(1).token.word input(2).token.word input(3).token.word stack.token.word stack.child(1).token.word stack.child(1).sibling(-1).token.word stack.child(-1).token.word stack.child(-1).sibling(1).token.word stack.child(2).token.word stack.child(-2).token.word stack(1).token.word stack(1).child(1).token.word stack(1).child(1).sibling(-1).token.word stack(1).child(-1).token.word stack(1).child(-1).sibling(1).token.word stack(1).child(2).token.word stack(1).child(-2).token.word stack(2).token.word stack(3).token.word 
I syntaxnet/embedding_feature_extractor.cc:36] Embedding names: labels;tags;words
I syntaxnet/embedding_feature_extractor.cc:37] Embedding dims: 32;32;64
I syntaxnet/term_frequency_map.cc:101] Loaded 49 terms from syntaxnet/models/parsey_mcparseface/tag-map.
I syntaxnet/term_frequency_map.cc:101] Loaded 64036 terms from syntaxnet/models/parsey_mcparseface/word-map.
I syntaxnet/term_frequency_map.cc:101] Loaded 46 terms from syntaxnet/models/parsey_mcparseface/label-map.
I syntaxnet/embedding_feature_extractor.cc:35] Features: input.digit input.hyphen; input.prefix(length="2") input(1).prefix(length="2") input(2).prefix(length="2") input(3).prefix(length="2") input(-1).prefix(length="2") input(-2).prefix(length="2") input(-3).prefix(length="2") input(-4).prefix(length="2"); input.prefix(length="3") input(1).prefix(length="3") input(2).prefix(length="3") input(3).prefix(length="3") input(-1).prefix(length="3") input(-2).prefix(length="3") input(-3).prefix(length="3") input(-4).prefix(length="3"); input.suffix(length="2") input(1).suffix(length="2") input(2).suffix(length="2") input(3).suffix(length="2") input(-1).suffix(length="2") input(-2).suffix(length="2") input(-3).suffix(length="2") input(-4).suffix(length="2"); input.suffix(length="3") input(1).suffix(length="3") input(2).suffix(length="3") input(3).suffix(length="3") input(-1).suffix(length="3") input(-2).suffix(length="3") input(-3).suffix(length="3") input(-4).suffix(length="3"); input.token.word input(1).token.word input(2).token.word input(3).token.word input(-1).token.word input(-2).token.word input(-3).token.word input(-4).token.word 
I syntaxnet/embedding_feature_extractor.cc:36] Embedding names: other;prefix2;prefix3;suffix2;suffix3;words
I syntaxnet/embedding_feature_extractor.cc:37] Embedding dims: 8;16;16;16;16;64
INFO:tensorflow:Building training network with parameters: feature_sizes: [12 20 20] domain_sizes: [   49    51 64038]
I syntaxnet/term_frequency_map.cc:101] Loaded 64036 terms from syntaxnet/models/parsey_mcparseface/word-map.
I syntaxnet/term_frequency_map.cc:101] Loaded 49 terms from syntaxnet/models/parsey_mcparseface/tag-map.
INFO:tensorflow:Building training network with parameters: feature_sizes: [2 8 8 8 8 8] domain_sizes: [    5 10665 10665  8970  8970 64038]
I syntaxnet/term_frequency_map.cc:101] Loaded 46 terms from syntaxnet/models/parsey_mcparseface/label-map.
I syntaxnet/embedding_feature_extractor.cc:35] Features: stack.child(1).label stack.child(1).sibling(-1).label stack.child(-1).label stack.child(-1).sibling(1).label stack.child(2).label stack.child(-2).label stack(1).child(1).label stack(1).child(1).sibling(-1).label stack(1).child(-1).label stack(1).child(-1).sibling(1).label stack(1).child(2).label stack(1).child(-2).label; input.token.tag input(1).token.tag input(2).token.tag input(3).token.tag stack.token.tag stack.child(1).token.tag stack.child(1).sibling(-1).token.tag stack.child(-1).token.tag stack.child(-1).sibling(1).token.tag stack.child(2).token.tag stack.child(-2).token.tag stack(1).token.tag stack(1).child(1).token.tag stack(1).child(1).sibling(-1).token.tag stack(1).child(-1).token.tag stack(1).child(-1).sibling(1).token.tag stack(1).child(2).token.tag stack(1).child(-2).token.tag stack(2).token.tag stack(3).token.tag; input.token.word input(1).token.word input(2).token.word input(3).token.word stack.token.word stack.child(1).token.word stack.child(1).sibling(-1).token.word stack.child(-1).token.word stack.child(-1).sibling(1).token.word stack.child(2).token.word stack.child(-2).token.word stack(1).token.word stack(1).child(1).token.word stack(1).child(1).sibling(-1).token.word stack(1).child(-1).token.word stack(1).child(-1).sibling(1).token.word stack(1).child(2).token.word stack(1).child(-2).token.word stack(2).token.word stack(3).token.word 
I syntaxnet/embedding_feature_extractor.cc:36] Embedding names: labels;tags;words
I syntaxnet/embedding_feature_extractor.cc:37] Embedding dims: 32;32;64
I syntaxnet/term_frequency_map.cc:101] Loaded 49 terms from syntaxnet/models/parsey_mcparseface/tag-map.
I syntaxnet/term_frequency_map.cc:101] Loaded 64036 terms from syntaxnet/models/parsey_mcparseface/word-map.
I syntaxnet/term_frequency_map.cc:101] Loaded 49 terms from syntaxnet/models/parsey_mcparseface/tag-map.
I syntaxnet/term_frequency_map.cc:101] Loaded 46 terms from syntaxnet/models/parsey_mcparseface/label-map.
I syntaxnet/embedding_feature_extractor.cc:35] Features: input.digit input.hyphen; input.prefix(length="2") input(1).prefix(length="2") input(2).prefix(length="2") input(3).prefix(length="2") input(-1).prefix(length="2") input(-2).prefix(length="2") input(-3).prefix(length="2") input(-4).prefix(length="2"); input.prefix(length="3") input(1).prefix(length="3") input(2).prefix(length="3") input(3).prefix(length="3") input(-1).prefix(length="3") input(-2).prefix(length="3") input(-3).prefix(length="3") input(-4).prefix(length="3"); input.suffix(length="2") input(1).suffix(length="2") input(2).suffix(length="2") input(3).suffix(length="2") input(-1).suffix(length="2") input(-2).suffix(length="2") input(-3).suffix(length="2") input(-4).suffix(length="2"); input.suffix(length="3") input(1).suffix(length="3") input(2).suffix(length="3") input(3).suffix(length="3") input(-1).suffix(length="3") input(-2).suffix(length="3") input(-3).suffix(length="3") input(-4).suffix(length="3"); input.token.word input(1).token.word input(2).token.word input(3).token.word input(-1).token.word input(-2).token.word input(-3).token.word input(-4).token.word 
I syntaxnet/embedding_feature_extractor.cc:36] Embedding names: other;prefix2;prefix3;suffix2;suffix3;words
I syntaxnet/embedding_feature_extractor.cc:37] Embedding dims: 8;16;16;16;16;64
I syntaxnet/term_frequency_map.cc:101] Loaded 64036 terms from syntaxnet/models/parsey_mcparseface/word-map.
INFO:tensorflow:Processed 1 documents
INFO:tensorflow:Total processed documents: 1
INFO:tensorflow:num correct tokens: 0
INFO:tensorflow:total tokens: 7
INFO:tensorflow:Seconds elapsed in evaluation: 0.16, eval metric: 0.00%
INFO:tensorflow:Processed 1 documents
INFO:tensorflow:Total processed documents: 1
INFO:tensorflow:num correct tokens: 1
INFO:tensorflow:total tokens: 6
INFO:tensorflow:Seconds elapsed in evaluation: 0.73, eval metric: 16.67%
INFO:tensorflow:Read 1 documents

[90mGET /users?query=What%20are%20the%20symptoms%20of%20cancer? [36m304 [90m5079ms[0m
stdout: Input: What are the symptoms of cancer ?
Parse:
What WP ROOT
 +-- are VBP cop
 +-- symptoms NNS nsubj
 |   +-- the DT det
 |   +-- of IN prep
 |       +-- cancer NN pobj
 +-- ? . punct

stderr: I syntaxnet/term_frequency_map.cc:101] Loaded 46 terms from syntaxnet/models/parsey_mcparseface/label-map.
I syntaxnet/embedding_feature_extractor.cc:35] Features: input.digit input.hyphen; input.prefix(length="2") input(1).prefix(length="2") input(2).prefix(length="2") input(3).prefix(length="2") input(-1).prefix(length="2") input(-2).prefix(length="2") input(-3).prefix(length="2") input(-4).prefix(length="2"); input.prefix(length="3") input(1).prefix(length="3") input(2).prefix(length="3") input(3).prefix(length="3") input(-1).prefix(length="3") input(-2).prefix(length="3") input(-3).prefix(length="3") input(-4).prefix(length="3"); input.suffix(length="2") input(1).suffix(length="2") input(2).suffix(length="2") input(3).suffix(length="2") input(-1).suffix(length="2") input(-2).suffix(length="2") input(-3).suffix(length="2") input(-4).suffix(length="2"); input.suffix(length="3") input(1).suffix(length="3") input(2).suffix(length="3") input(3).suffix(length="3") input(-1).suffix(length="3") input(-2).suffix(length="3") input(-3).suffix(length="3") input(-4).suffix(length="3"); input.token.word input(1).token.word input(2).token.word input(3).token.word input(-1).token.word input(-2).token.word input(-3).token.word input(-4).token.word 
I syntaxnet/embedding_feature_extractor.cc:36] Embedding names: other;prefix2;prefix3;suffix2;suffix3;words
I syntaxnet/embedding_feature_extractor.cc:37] Embedding dims: 8;16;16;16;16;64
I syntaxnet/term_frequency_map.cc:101] Loaded 46 terms from syntaxnet/models/parsey_mcparseface/label-map.
I syntaxnet/embedding_feature_extractor.cc:35] Features: stack.child(1).label stack.child(1).sibling(-1).label stack.child(-1).label stack.child(-1).sibling(1).label stack.child(2).label stack.child(-2).label stack(1).child(1).label stack(1).child(1).sibling(-1).label stack(1).child(-1).label stack(1).child(-1).sibling(1).label stack(1).child(2).label stack(1).child(-2).label; input.token.tag input(1).token.tag input(2).token.tag input(3).token.tag stack.token.tag stack.child(1).token.tag stack.child(1).sibling(-1).token.tag stack.child(-1).token.tag stack.child(-1).sibling(1).token.tag stack.child(2).token.tag stack.child(-2).token.tag stack(1).token.tag stack(1).child(1).token.tag stack(1).child(1).sibling(-1).token.tag stack(1).child(-1).token.tag stack(1).child(-1).sibling(1).token.tag stack(1).child(2).token.tag stack(1).child(-2).token.tag stack(2).token.tag stack(3).token.tag; input.token.word input(1).token.word input(2).token.word input(3).token.word stack.token.word stack.child(1).token.word stack.child(1).sibling(-1).token.word stack.child(-1).token.word stack.child(-1).sibling(1).token.word stack.child(2).token.word stack.child(-2).token.word stack(1).token.word stack(1).child(1).token.word stack(1).child(1).sibling(-1).token.word stack(1).child(-1).token.word stack(1).child(-1).sibling(1).token.word stack(1).child(2).token.word stack(1).child(-2).token.word stack(2).token.word stack(3).token.word 
I syntaxnet/embedding_feature_extractor.cc:36] Embedding names: labels;tags;words
I syntaxnet/embedding_feature_extractor.cc:37] Embedding dims: 32;32;64
I syntaxnet/term_frequency_map.cc:101] Loaded 49 terms from syntaxnet/models/parsey_mcparseface/tag-map.
I syntaxnet/term_frequency_map.cc:101] Loaded 64036 terms from syntaxnet/models/parsey_mcparseface/word-map.
I syntaxnet/term_frequency_map.cc:101] Loaded 64036 terms from syntaxnet/models/parsey_mcparseface/word-map.
I syntaxnet/term_frequency_map.cc:101] Loaded 49 terms from syntaxnet/models/parsey_mcparseface/tag-map.
INFO:tensorflow:Building training network with parameters: feature_sizes: [12 20 20] domain_sizes: [   49    51 64038]
INFO:tensorflow:Building training network with parameters: feature_sizes: [2 8 8 8 8 8] domain_sizes: [    5 10665 10665  8970  8970 64038]
I syntaxnet/term_frequency_map.cc:101] Loaded 46 terms from syntaxnet/models/parsey_mcparseface/label-map.
I syntaxnet/embedding_feature_extractor.cc:35] Features: stack.child(1).label stack.child(1).sibling(-1).label stack.child(-1).label stack.child(-1).sibling(1).label stack.child(2).label stack.child(-2).label stack(1).child(1).label stack(1).child(1).sibling(-1).label stack(1).child(-1).label stack(1).child(-1).sibling(1).label stack(1).child(2).label stack(1).child(-2).label; input.token.tag input(1).token.tag input(2).token.tag input(3).token.tag stack.token.tag stack.child(1).token.tag stack.child(1).sibling(-1).token.tag stack.child(-1).token.tag stack.child(-1).sibling(1).token.tag stack.child(2).token.tag stack.child(-2).token.tag stack(1).token.tag stack(1).child(1).token.tag stack(1).child(1).sibling(-1).token.tag stack(1).child(-1).token.tag stack(1).child(-1).sibling(1).token.tag stack(1).child(2).token.tag stack(1).child(-2).token.tag stack(2).token.tag stack(3).token.tag; input.token.word input(1).token.word input(2).token.word input(3).token.word stack.token.word stack.child(1).token.word stack.child(1).sibling(-1).token.word stack.child(-1).token.word stack.child(-1).sibling(1).token.word stack.child(2).token.word stack.child(-2).token.word stack(1).token.word stack(1).child(1).token.word stack(1).child(1).sibling(-1).token.word stack(1).child(-1).token.word stack(1).child(-1).sibling(1).token.word stack(1).child(2).token.word stack(1).child(-2).token.word stack(2).token.word stack(3).token.word 
I syntaxnet/embedding_feature_extractor.cc:36] Embedding names: labels;tags;words
I syntaxnet/embedding_feature_extractor.cc:37] Embedding dims: 32;32;64
I syntaxnet/term_frequency_map.cc:101] Loaded 49 terms from syntaxnet/models/parsey_mcparseface/tag-map.
I syntaxnet/term_frequency_map.cc:101] Loaded 64036 terms from syntaxnet/models/parsey_mcparseface/word-map.
I syntaxnet/term_frequency_map.cc:101] Loaded 49 terms from syntaxnet/models/parsey_mcparseface/tag-map.
I syntaxnet/term_frequency_map.cc:101] Loaded 46 terms from syntaxnet/models/parsey_mcparseface/label-map.
I syntaxnet/embedding_feature_extractor.cc:35] Features: input.digit input.hyphen; input.prefix(length="2") input(1).prefix(length="2") input(2).prefix(length="2") input(3).prefix(length="2") input(-1).prefix(length="2") input(-2).prefix(length="2") input(-3).prefix(length="2") input(-4).prefix(length="2"); input.prefix(length="3") input(1).prefix(length="3") input(2).prefix(length="3") input(3).prefix(length="3") input(-1).prefix(length="3") input(-2).prefix(length="3") input(-3).prefix(length="3") input(-4).prefix(length="3"); input.suffix(length="2") input(1).suffix(length="2") input(2).suffix(length="2") input(3).suffix(length="2") input(-1).suffix(length="2") input(-2).suffix(length="2") input(-3).suffix(length="2") input(-4).suffix(length="2"); input.suffix(length="3") input(1).suffix(length="3") input(2).suffix(length="3") input(3).suffix(length="3") input(-1).suffix(length="3") input(-2).suffix(length="3") input(-3).suffix(length="3") input(-4).suffix(length="3"); input.token.word input(1).token.word input(2).token.word input(3).token.word input(-1).token.word input(-2).token.word input(-3).token.word input(-4).token.word 
I syntaxnet/embedding_feature_extractor.cc:36] Embedding names: other;prefix2;prefix3;suffix2;suffix3;words
I syntaxnet/embedding_feature_extractor.cc:37] Embedding dims: 8;16;16;16;16;64
I syntaxnet/term_frequency_map.cc:101] Loaded 64036 terms from syntaxnet/models/parsey_mcparseface/word-map.
INFO:tensorflow:Processed 1 documents
INFO:tensorflow:Total processed documents: 1
INFO:tensorflow:num correct tokens: 0
INFO:tensorflow:total tokens: 7
INFO:tensorflow:Seconds elapsed in evaluation: 0.15, eval metric: 0.00%
INFO:tensorflow:Processed 1 documents
INFO:tensorflow:Total processed documents: 1
INFO:tensorflow:num correct tokens: 1
INFO:tensorflow:total tokens: 6
INFO:tensorflow:Seconds elapsed in evaluation: 0.66, eval metric: 16.67%
INFO:tensorflow:Read 1 documents

[90mGET /users?query=What%20are%20the%20symptoms%20of%20cancer? [36m304 [90m5087ms[0m
[90mGET http://www.baidu.com/favicon.ico [33m404 [90m79ms - 1.13kb[0m
[90mGET http://www.baidu.com/favicon.ico [33m404 [90m81ms - 1.13kb[0m
